0 verbose cli C:\Program Files\nodejs\node.exe C:\Users\puchu\AppData\Roaming\npm\node_modules\npm\bin\npm-cli.js
1 info using npm@11.3.0
2 info using node@v22.13.1
3 silly config load:file:C:\Users\puchu\AppData\Roaming\npm\node_modules\npm\npmrc
4 silly config load:file:F:\mars-studio\.npmrc
5 silly config load:file:C:\Users\puchu\.npmrc
6 silly config load:file:C:\Users\puchu\AppData\Roaming\npm\etc\npmrc
7 verbose title npm ci
8 verbose argv "ci" "--cache" ".npm" "--prefer-offline"
9 verbose logfile logs-max:10 dir:F:\mars-studio\.npm\_logs\2025-08-25T12_03_28_684Z-
10 verbose logfile F:\mars-studio\.npm\_logs\2025-08-25T12_03_28_684Z-debug-0.log
11 silly logfile done cleaning log files
12 silly packumentCache heap:4345298944 maxSize:1086324736 maxEntrySize:543162368
13 silly idealTree buildDeps
14 silly fetch manifest @rollup/rollup-linux-ppc64-gnu@4.48.0
15 silly packumentCache full:https://registry.npmjs.org/@rollup%2frollup-linux-ppc64-gnu cache-miss
16 http fetch GET 200 https://registry.npmjs.org/@rollup%2frollup-linux-ppc64-gnu 11ms (cache stale)
17 silly packumentCache full:https://registry.npmjs.org/@rollup%2frollup-linux-ppc64-gnu set size:18754 disposed:false
18 silly fetch manifest @rollup/rollup-linux-riscv64-musl@4.48.0
19 silly packumentCache full:https://registry.npmjs.org/@rollup%2frollup-linux-riscv64-musl cache-miss
20 http fetch GET 200 https://registry.npmjs.org/@rollup%2frollup-linux-riscv64-musl 4ms (cache stale)
21 silly packumentCache full:https://registry.npmjs.org/@rollup%2frollup-linux-riscv64-musl set size:45380 disposed:false
22 silly placeDep ROOT @rollup/rollup-linux-ppc64-gnu@4.48.0 OK for: rollup@4.48.0 want: 4.48.0
23 verbose stack TypeError: Invalid Version: 
23 verbose stack     at new SemVer (C:\Users\puchu\AppData\Roaming\npm\node_modules\npm\node_modules\semver\classes\semver.js:38:13)
23 verbose stack     at compare (C:\Users\puchu\AppData\Roaming\npm\node_modules\npm\node_modules\semver\functions\compare.js:3:32)
23 verbose stack     at Object.eq (C:\Users\puchu\AppData\Roaming\npm\node_modules\npm\node_modules\semver\functions\eq.js:2:29)
23 verbose stack     at Node.canDedupe (C:\Users\puchu\AppData\Roaming\npm\node_modules\npm\node_modules\@npmcli\arborist\lib\node.js:1114:32)
23 verbose stack     at PlaceDep.pruneDedupable (C:\Users\puchu\AppData\Roaming\npm\node_modules\npm\node_modules\@npmcli\arborist\lib\place-dep.js:426:14)
23 verbose stack     at new PlaceDep (C:\Users\puchu\AppData\Roaming\npm\node_modules\npm\node_modules\@npmcli\arborist\lib\place-dep.js:278:14)
23 verbose stack     at #buildDepStep (C:\Users\puchu\AppData\Roaming\npm\node_modules\npm\node_modules\@npmcli\arborist\lib\arborist\build-ideal-tree.js:931:18)
23 verbose stack     at async Arborist.buildIdealTree (C:\Users\puchu\AppData\Roaming\npm\node_modules\npm\node_modules\@npmcli\arborist\lib\arborist\build-ideal-tree.js:182:7)
23 verbose stack     at async CI.exec (C:\Users\puchu\AppData\Roaming\npm\node_modules\npm\lib\commands\ci.js:63:5)
23 verbose stack     at async Npm.exec (C:\Users\puchu\AppData\Roaming\npm\node_modules\npm\lib\npm.js:208:9)
24 error Invalid Version: 
25 silly unfinished npm timer idealTree:buildDeps 1756123409402
26 silly unfinished npm timer idealTree:node_modules/vite/node_modules/rollup 1756123409403
27 verbose cwd F:\mars-studio
28 verbose os Windows_NT 10.0.22631
29 verbose node v22.13.1
30 verbose npm  v11.3.0
31 verbose exit 1
32 verbose code 1
33 error A complete log of this run can be found in: F:\mars-studio\.npm\_logs\2025-08-25T12_03_28_684Z-debug-0.log
