0 verbose cli C:\Program Files\nodejs\node.exe C:\Users\puchu\AppData\Roaming\npm\node_modules\npm\bin\npm-cli.js
1 info using npm@11.3.0
2 info using node@v22.13.1
3 silly config load:file:C:\Users\puchu\AppData\Roaming\npm\node_modules\npm\npmrc
4 silly config load:file:F:\mars-studio\.npmrc
5 silly config load:file:C:\Users\puchu\.npmrc
6 silly config load:file:C:\Users\puchu\AppData\Roaming\npm\etc\npmrc
7 verbose title npm ci
8 verbose argv "ci" "--cache" ".npm" "--prefer-offline"
9 verbose logfile logs-max:10 dir:F:\mars-studio\.npm\_logs\2025-08-25T11_28_04_035Z-
10 verbose logfile F:\mars-studio\.npm\_logs\2025-08-25T11_28_04_035Z-debug-0.log
11 silly logfile done cleaning log files
12 silly packumentCache heap:4345298944 maxSize:1086324736 maxEntrySize:543162368
13 silly idealTree buildDeps
14 silly fetch manifest @rollup/rollup-linux-ppc64-gnu@4.48.0
15 silly packumentCache full:https://registry.npmjs.org/@rollup%2frollup-linux-ppc64-gnu cache-miss
16 http fetch GET 200 https://registry.npmjs.org/npm 455ms
17 http fetch GET 200 https://registry.npmjs.org/@rollup%2frollup-linux-ppc64-gnu 210ms (cache miss)
18 silly packumentCache full:https://registry.npmjs.org/@rollup%2frollup-linux-ppc64-gnu set size:undefined disposed:false
19 silly fetch manifest @rollup/rollup-linux-riscv64-musl@4.48.0
20 silly packumentCache full:https://registry.npmjs.org/@rollup%2frollup-linux-riscv64-musl cache-miss
21 http fetch GET 200 https://registry.npmjs.org/@rollup%2frollup-linux-riscv64-musl 68ms (cache miss)
22 silly packumentCache full:https://registry.npmjs.org/@rollup%2frollup-linux-riscv64-musl set size:undefined disposed:false
23 silly placeDep ROOT @rollup/rollup-linux-ppc64-gnu@4.48.0 OK for: rollup@4.48.0 want: 4.48.0
24 verbose stack TypeError: Invalid Version: 
24 verbose stack     at new SemVer (C:\Users\puchu\AppData\Roaming\npm\node_modules\npm\node_modules\semver\classes\semver.js:38:13)
24 verbose stack     at compare (C:\Users\puchu\AppData\Roaming\npm\node_modules\npm\node_modules\semver\functions\compare.js:3:32)
24 verbose stack     at Object.eq (C:\Users\puchu\AppData\Roaming\npm\node_modules\npm\node_modules\semver\functions\eq.js:2:29)
24 verbose stack     at Node.canDedupe (C:\Users\puchu\AppData\Roaming\npm\node_modules\npm\node_modules\@npmcli\arborist\lib\node.js:1114:32)
24 verbose stack     at PlaceDep.pruneDedupable (C:\Users\puchu\AppData\Roaming\npm\node_modules\npm\node_modules\@npmcli\arborist\lib\place-dep.js:426:14)
24 verbose stack     at new PlaceDep (C:\Users\puchu\AppData\Roaming\npm\node_modules\npm\node_modules\@npmcli\arborist\lib\place-dep.js:278:14)
24 verbose stack     at #buildDepStep (C:\Users\puchu\AppData\Roaming\npm\node_modules\npm\node_modules\@npmcli\arborist\lib\arborist\build-ideal-tree.js:931:18)
24 verbose stack     at async Arborist.buildIdealTree (C:\Users\puchu\AppData\Roaming\npm\node_modules\npm\node_modules\@npmcli\arborist\lib\arborist\build-ideal-tree.js:182:7)
24 verbose stack     at async CI.exec (C:\Users\puchu\AppData\Roaming\npm\node_modules\npm\lib\commands\ci.js:63:5)
24 verbose stack     at async Npm.exec (C:\Users\puchu\AppData\Roaming\npm\node_modules\npm\lib\npm.js:208:9)
25 error Invalid Version: 
26 silly unfinished npm timer idealTree:buildDeps 1756121285105
27 silly unfinished npm timer idealTree:node_modules/vite/node_modules/rollup 1756121285106
28 verbose cwd F:\mars-studio
29 verbose os Windows_NT 10.0.22631
30 verbose node v22.13.1
31 verbose npm  v11.3.0
32 notice
32 notice New [33mminor[39m version of npm available! [33m11.3.0[39m -> [34m11.5.2[39m
32 notice Changelog: [34mhttps://github.com/npm/cli/releases/tag/v11.5.2[39m
32 notice To update run: [4mnpm install -g npm@11.5.2[24m
32 notice  { force: true, [Symbol(proc-log.meta)]: true }
33 verbose exit 1
34 verbose code 1
35 error A complete log of this run can be found in: F:\mars-studio\.npm\_logs\2025-08-25T11_28_04_035Z-debug-0.log
